#
# There is insufficient memory for the Java Runtime Environment to continue.
# Native memory allocation (malloc) failed to allocate 463776 bytes for Chunk::new
# Possible reasons:
#   The system is out of physical RAM or swap space
#   The process is running with CompressedOops enabled, and the Java Heap may be blocking the growth of the native heap
# Possible solutions:
#   Reduce memory load on the system
#   Increase physical memory or swap space
#   Check if swap backing store is full
#   Decrease Java heap size (-Xmx/-Xms)
#   Decrease number of Java threads
#   Decrease Java thread stack sizes (-Xss)
#   Set larger code cache with -XX:ReservedCodeCacheSize=
#   JVM is running with Unscaled Compressed Oops mode in which the Java heap is
#     placed in the first 4GB address space. The Java Heap base address is the
#     maximum limit for the native heap growth. Please use -XX:HeapBaseMinAddress
#     to set the Java Heap base and to place the Java Heap above 4GB virtual address.
# This output file may be truncated or incomplete.
#
#  Out of Memory Error (allocation.cpp:389), pid=12400, tid=0x00000000000040c4
#
# JRE version: Java(TM) SE Runtime Environment (8.0_231-b11) (build 1.8.0_231-b11)
# Java VM: Java HotSpot(TM) 64-Bit Server VM (25.231-b11 mixed mode windows-amd64 compressed oops)
# Failed to write core dump. Minidumps are not enabled by default on client versions of Windows
#

---------------  T H R E A D  ---------------

Current thread (0x0000000014c2f000):  JavaThread "C2 CompilerThread0" daemon [_thread_in_native, id=16580, stack(0x0000000016290000,0x0000000016390000)]

Stack: [0x0000000016290000,0x0000000016390000]
[error occurred during error reporting (printing stack bounds), id 0xc0000005]

Native frames: (J=compiled Java code, j=interpreted, Vv=VM code, C=native code)


Current CompileTask:
C2: 930934 2754       4       javax.swing.UIDefaults$TextAndMnemonicHashMap::get (358 bytes)


---------------  P R O C E S S  ---------------

Java Threads: ( => current thread )
  0x0000000018041000 JavaThread "TimerQueue" daemon [_thread_blocked, id=21056, stack(0x000000001ae20000,0x000000001af20000)]
  0x000000000265e000 JavaThread "DestroyJavaVM" [_thread_blocked, id=18912, stack(0x0000000002310000,0x0000000002410000)]
  0x0000000017a8c800 JavaThread "AWT-EventQueue-0" [_thread_blocked, id=17968, stack(0x0000000018280000,0x0000000018380000)]
  0x000000001692b800 JavaThread "AWT-Windows" daemon [_thread_in_native, id=660, stack(0x0000000017090000,0x0000000017190000)]
  0x000000001692a800 JavaThread "AWT-Shutdown" [_thread_blocked, id=20524, stack(0x0000000016f90000,0x0000000017090000)]
  0x000000001692a000 JavaThread "Java2D Disposer" daemon [_thread_blocked, id=21956, stack(0x0000000016e90000,0x0000000016f90000)]
  0x0000000014c8e000 JavaThread "Service Thread" daemon [_thread_blocked, id=6040, stack(0x0000000016990000,0x0000000016a90000)]
  0x0000000014c5c000 JavaThread "C1 CompilerThread2" daemon [_thread_blocked, id=20760, stack(0x0000000016490000,0x0000000016590000)]
  0x0000000014c38800 JavaThread "C2 CompilerThread1" daemon [_thread_blocked, id=11052, stack(0x0000000016390000,0x0000000016490000)]
=>0x0000000014c2f000 JavaThread "C2 CompilerThread0" daemon [_thread_in_native, id=16580, stack(0x0000000016290000,0x0000000016390000)]
  0x0000000014c2d000 JavaThread "Attach Listener" daemon [_thread_blocked, id=3624, stack(0x0000000016190000,0x0000000016290000)]
  0x0000000014c2b800 JavaThread "Signal Dispatcher" daemon [_thread_blocked, id=9600, stack(0x0000000016090000,0x0000000016190000)]
  0x0000000014c1a800 JavaThread "Finalizer" daemon [_thread_blocked, id=1508, stack(0x0000000015e90000,0x0000000015f90000)]
  0x0000000002570000 JavaThread "Reference Handler" daemon [_thread_blocked, id=17696, stack(0x0000000015d90000,0x0000000015e90000)]

Other Threads:
  0x0000000014bf8000 VMThread [stack: 0x0000000015c90000,0x0000000015d90000] [id=21192]
  0x00000000165e1800 WatcherThread [stack: 0x0000000016a90000,0x0000000016b90000] [id=21876]

VM state:not at safepoint (normal execution)

VM Mutex/Monitor currently owned by a thread: None

heap address: 0x00000000c1c00000, size: 996 MB, Compressed Oops mode: 32-bit
Narrow klass base: 0x0000000000000000, Narrow klass shift: 3
Compressed class space size: 1073741824 Address: 0x0000000100000000

Heap:
 PSYoungGen      total 18944K, used 6606K [0x00000000eb400000, 0x00000000ed900000, 0x0000000100000000)
  eden space 16384K, 24% used [0x00000000eb400000,0x00000000eb7f3908,0x00000000ec400000)
  from space 2560K, 100% used [0x00000000ec400000,0x00000000ec680000,0x00000000ec680000)
  to   space 2560K, 0% used [0x00000000ed680000,0x00000000ed680000,0x00000000ed900000)
 ParOldGen       total 44032K, used 17644K [0x00000000c1c00000, 0x00000000c4700000, 0x00000000eb400000)
  object space 44032K, 40% used [0x00000000c1c00000,0x00000000c2d3b028,0x00000000c4700000)
 Metaspace       used 17934K, capacity 18152K, committed 18432K, reserved 1064960K
  class space    used 2125K, capacity 2218K, committed 2304K, reserved 1048576K

Card table byte_map: [0x0000000011a20000,0x0000000011c20000] byte_map_base: 0x0000000011412000

Marking Bits: (ParMarkBitMap*) 0x000000005ca36d90
 Begin Bits: [0x0000000012170000, 0x0000000013100000)
 End Bits:   [0x0000000013100000, 0x0000000014090000)

Polling page: 0x0000000000760000

CodeCache: size=245760Kb used=8780Kb max_used=8791Kb free=236979Kb
 bounds [0x0000000002660000, 0x0000000002f10000, 0x0000000011660000]
 total_blobs=3313 nmethods=2743 adapters=482
 compilation: enabled

Compilation events (10 events):
Event: 930.872 Thread 0x0000000014c5c000 nmethod 2751 0x0000000002eaef10 code [0x0000000002eaf080, 0x0000000002eaf190]
Event: 930.895 Thread 0x0000000014c5c000 2753       1       javax.swing.AbstractButton::isFocusPainted (5 bytes)
Event: 930.895 Thread 0x0000000014c5c000 nmethod 2753 0x0000000002ec9ad0 code [0x0000000002ec9c20, 0x0000000002ec9d30]
Event: 930.898 Thread 0x0000000014c2f000 2754       4       javax.swing.UIDefaults$TextAndMnemonicHashMap::get (358 bytes)
Event: 930.900 Thread 0x0000000014c38800 2755   !   4       javax.swing.JComponent::paintComponent (44 bytes)
Event: 930.906 Thread 0x0000000014c38800 nmethod 2755 0x0000000002ee5450 code [0x0000000002ee55c0, 0x0000000002ee5948]
Event: 930.906 Thread 0x0000000014c38800 2756       4       javax.swing.JComponent::getBounds (50 bytes)
Event: 930.908 Thread 0x0000000014c38800 nmethod 2756 0x0000000002ec80d0 code [0x0000000002ec8200, 0x0000000002ec8298]
Event: 930.908 Thread 0x0000000014c38800 2757       4       sun.awt.SunHints$Key::isCompatibleValue (18 bytes)
Event: 930.909 Thread 0x0000000014c38800 nmethod 2757 0x0000000002ee5150 code [0x0000000002ee52a0, 0x0000000002ee5358]

GC Heap History (6 events):
Event: 1.773 GC heap before
{Heap before GC invocations=1 (full 0):
 PSYoungGen      total 18944K, used 16384K [0x00000000eb400000, 0x00000000ec900000, 0x0000000100000000)
  eden space 16384K, 100% used [0x00000000eb400000,0x00000000ec400000,0x00000000ec400000)
  from space 2560K, 0% used [0x00000000ec680000,0x00000000ec680000,0x00000000ec900000)
  to   space 2560K, 0% used [0x00000000ec400000,0x00000000ec400000,0x00000000ec680000)
 ParOldGen       total 44032K, used 0K [0x00000000c1c00000, 0x00000000c4700000, 0x00000000eb400000)
  object space 44032K, 0% used [0x00000000c1c00000,0x00000000c1c00000,0x00000000c4700000)
 Metaspace       used 14556K, capacity 14836K, committed 15104K, reserved 1062912K
  class space    used 1878K, capacity 2018K, committed 2048K, reserved 1048576K
Event: 1.781 GC heap after
Heap after GC invocations=1 (full 0):
 PSYoungGen      total 18944K, used 2544K [0x00000000eb400000, 0x00000000ec900000, 0x0000000100000000)
  eden space 16384K, 0% used [0x00000000eb400000,0x00000000eb400000,0x00000000ec400000)
  from space 2560K, 99% used [0x00000000ec400000,0x00000000ec67c030,0x00000000ec680000)
  to   space 2560K, 0% used [0x00000000ec680000,0x00000000ec680000,0x00000000ec900000)
 ParOldGen       total 44032K, used 3886K [0x00000000c1c00000, 0x00000000c4700000, 0x00000000eb400000)
  object space 44032K, 8% used [0x00000000c1c00000,0x00000000c1fcb8e8,0x00000000c4700000)
 Metaspace       used 14556K, capacity 14836K, committed 15104K, reserved 1062912K
  class space    used 1878K, capacity 2018K, committed 2048K, reserved 1048576K
}
Event: 2.258 GC heap before
{Heap before GC invocations=2 (full 0):
 PSYoungGen      total 18944K, used 16834K [0x00000000eb400000, 0x00000000ec900000, 0x0000000100000000)
  eden space 16384K, 87% used [0x00000000eb400000,0x00000000ec1f4988,0x00000000ec400000)
  from space 2560K, 99% used [0x00000000ec400000,0x00000000ec67c030,0x00000000ec680000)
  to   space 2560K, 0% used [0x00000000ec680000,0x00000000ec680000,0x00000000ec900000)
 ParOldGen       total 44032K, used 3886K [0x00000000c1c00000, 0x00000000c4700000, 0x00000000eb400000)
  object space 44032K, 8% used [0x00000000c1c00000,0x00000000c1fcb8e8,0x00000000c4700000)
 Metaspace       used 16678K, capacity 16936K, committed 17024K, reserved 1064960K
  class space    used 2068K, capacity 2154K, committed 2176K, reserved 1048576K
Event: 2.273 GC heap after
Heap after GC invocations=2 (full 0):
 PSYoungGen      total 18944K, used 2544K [0x00000000eb400000, 0x00000000ed900000, 0x0000000100000000)
  eden space 16384K, 0% used [0x00000000eb400000,0x00000000eb400000,0x00000000ec400000)
  from space 2560K, 99% used [0x00000000ec680000,0x00000000ec8fc010,0x00000000ec900000)
  to   space 2560K, 0% used [0x00000000ec400000,0x00000000ec400000,0x00000000ec680000)
 ParOldGen       total 44032K, used 6688K [0x00000000c1c00000, 0x00000000c4700000, 0x00000000eb400000)
  object space 44032K, 15% used [0x00000000c1c00000,0x00000000c2288078,0x00000000c4700000)
 Metaspace       used 16678K, capacity 16936K, committed 17024K, reserved 1064960K
  class space    used 2068K, capacity 2154K, committed 2176K, reserved 1048576K
}
Event: 564.679 GC heap before
{Heap before GC invocations=3 (full 0):
 PSYoungGen      total 18944K, used 18928K [0x00000000eb400000, 0x00000000ed900000, 0x0000000100000000)
  eden space 16384K, 100% used [0x00000000eb400000,0x00000000ec400000,0x00000000ec400000)
  from space 2560K, 99% used [0x00000000ec680000,0x00000000ec8fc010,0x00000000ec900000)
  to   space 2560K, 0% used [0x00000000ec400000,0x00000000ec400000,0x00000000ec680000)
 ParOldGen       total 44032K, used 6688K [0x00000000c1c00000, 0x00000000c4700000, 0x00000000eb400000)
  object space 44032K, 15% used [0x00000000c1c00000,0x00000000c2288078,0x00000000c4700000)
 Metaspace       used 17901K, capacity 18152K, committed 18432K, reserved 1064960K
  class space    used 2125K, capacity 2218K, committed 2304K, reserved 1048576K
Event: 564.697 GC heap after
Heap after GC invocations=3 (full 0):
 PSYoungGen      total 18944K, used 2560K [0x00000000eb400000, 0x00000000ed900000, 0x0000000100000000)
  eden space 16384K, 0% used [0x00000000eb400000,0x00000000eb400000,0x00000000ec400000)
  from space 2560K, 100% used [0x00000000ec400000,0x00000000ec680000,0x00000000ec680000)
  to   space 2560K, 0% used [0x00000000ed680000,0x00000000ed680000,0x00000000ed900000)
 ParOldGen       total 44032K, used 17644K [0x00000000c1c00000, 0x00000000c4700000, 0x00000000eb400000)
  object space 44032K, 40% used [0x00000000c1c00000,0x00000000c2d3b028,0x00000000c4700000)
 Metaspace       used 17901K, capacity 18152K, committed 18432K, reserved 1064960K
  class space    used 2125K, capacity 2218K, committed 2304K, reserved 1048576K
}

Deoptimization events (10 events):
Event: 1.712 Thread 0x000000000265e000 Uncommon trap: reason=class_check action=maybe_recompile pc=0x0000000002965a5c method=java.util.regex.Pattern$BmpCharProperty.match(Ljava/util/regex/Matcher;ILjava/lang/CharSequence;)Z @ 31
Event: 1.712 Thread 0x000000000265e000 Uncommon trap: reason=unstable_if action=reinterpret pc=0x00000000029659f8 method=java.util.regex.Pattern$BmpCharProperty.match(Ljava/util/regex/Matcher;ILjava/lang/CharSequence;)Z @ 5
Event: 1.832 Thread 0x000000000265e000 Uncommon trap: reason=unstable_if action=reinterpret pc=0x000000000290d980 method=java.lang.ref.SoftReference.get()Ljava/lang/Object; @ 17
Event: 2.084 Thread 0x000000000265e000 Uncommon trap: reason=unstable_if action=reinterpret pc=0x0000000002a0ddf0 method=java.util.Arrays.equals([B[B)Z @ 12
Event: 2.114 Thread 0x000000000265e000 Uncommon trap: reason=unstable_if action=reinterpret pc=0x0000000002922d30 method=java.util.HashMap.putVal(ILjava/lang/Object;Ljava/lang/Object;ZZ)Ljava/lang/Object; @ 162
Event: 2.114 Thread 0x000000000265e000 Uncommon trap: reason=unstable_if action=reinterpret pc=0x000000000291de60 method=java.util.HashMap.putVal(ILjava/lang/Object;Ljava/lang/Object;ZZ)Ljava/lang/Object; @ 162
Event: 2.114 Thread 0x000000000265e000 Uncommon trap: reason=unstable_if action=reinterpret pc=0x0000000002a265a4 method=java.util.HashMap.resize()[Ljava/util/HashMap$Node; @ 206
Event: 2.255 Thread 0x000000000265e000 Uncommon trap: reason=unstable_if action=reinterpret pc=0x00000000029575dc method=java.lang.CharacterDataLatin1.digit(II)I @ 82
Event: 2.288 Thread 0x000000000265e000 Uncommon trap: reason=predicate action=maybe_recompile pc=0x0000000002b2d7d0 method=java.util.regex.Pattern$SliceI.match(Ljava/util/regex/Matcher;ILjava/lang/CharSequence;)Z @ 21
Event: 923.366 Thread 0x0000000017a8c800 Uncommon trap: reason=null_check action=make_not_entrant pc=0x0000000002e10b44 method=sun.java2d.pipe.AlphaPaintPipe.renderPathTile(Ljava/lang/Object;[BIIIIII)V @ 57

Classes redefined (0 events):
No events

Internal exceptions (10 events):
Event: 0.180 Thread 0x000000000265e000 Exception <a 'java/security/PrivilegedActionException'> (0x00000000eb488238) thrown at [C:\re\workspace\8-2-build-windows-amd64-cygwin\jdk8u231\13620\hotspot\src\share\vm\prims\jvm.cpp, line 1502]
Event: 0.181 Thread 0x000000000265e000 Exception <a 'java/security/PrivilegedActionException'> (0x00000000eb48bea8) thrown at [C:\re\workspace\8-2-build-windows-amd64-cygwin\jdk8u231\13620\hotspot\src\share\vm\prims\jvm.cpp, line 1502]
Event: 0.181 Thread 0x000000000265e000 Exception <a 'java/security/PrivilegedActionException'> (0x00000000eb48c0b8) thrown at [C:\re\workspace\8-2-build-windows-amd64-cygwin\jdk8u231\13620\hotspot\src\share\vm\prims\jvm.cpp, line 1502]
Event: 0.188 Thread 0x000000000265e000 Exception <a 'java/io/FileNotFoundException'> (0x00000000eb48e5e8) thrown at [C:\re\workspace\8-2-build-windows-amd64-cygwin\jdk8u231\13620\hotspot\src\share\vm\prims\jni.cpp, line 710]
Event: 0.242 Thread 0x000000000265e000 Exception <a 'java/lang/NoSuchFieldError': method resolution failed> (0x00000000eb5b0f88) thrown at [C:\re\workspace\8-2-build-windows-amd64-cygwin\jdk8u231\13620\hotspot\src\share\vm\prims\methodHandles.cpp, line 1167]
Event: 0.245 Thread 0x000000000265e000 Exception <a 'java/lang/NoSuchFieldError': method resolution failed> (0x00000000eb5be358) thrown at [C:\re\workspace\8-2-build-windows-amd64-cygwin\jdk8u231\13620\hotspot\src\share\vm\prims\methodHandles.cpp, line 1167]
Event: 0.309 Thread 0x000000000265e000 Exception <a 'java/io/FileNotFoundException'> (0x00000000eb65e9a8) thrown at [C:\re\workspace\8-2-build-windows-amd64-cygwin\jdk8u231\13620\hotspot\src\share\vm\prims\jni.cpp, line 710]
Event: 0.356 Thread 0x000000000265e000 Implicit null exception at 0x00000000027d0a62 to 0x00000000027d0c11
Event: 2.084 Thread 0x000000000265e000 Implicit null exception at 0x0000000002a0dc98 to 0x0000000002a0dddd
Event: 923.366 Thread 0x0000000017a8c800 Implicit null exception at 0x0000000002e0edbd to 0x0000000002e10b0d

Events (10 events):
Event: 924.370 Thread 0x0000000014c38800 flushing nmethod 0x0000000002776390
Event: 924.371 Thread 0x0000000014c38800 flushing nmethod 0x0000000002785850
Event: 924.380 Thread 0x0000000014c5c000 flushing nmethod 0x00000000027d08d0
Event: 924.380 Thread 0x0000000014c5c000 flushing nmethod 0x00000000027df190
Event: 924.380 Thread 0x0000000014c5c000 flushing nmethod 0x00000000027e0510
Event: 924.381 Thread 0x0000000014c5c000 flushing nmethod 0x0000000002800910
Event: 924.468 Thread 0x0000000017a8c800 DEOPT PACKING pc=0x0000000002dd9297 sp=0x000000001837b4a0
Event: 924.468 Thread 0x0000000017a8c800 DEOPT UNPACKING pc=0x00000000026a7890 sp=0x000000001837b208 mode 0
Event: 924.583 Thread 0x0000000017a8c800 DEOPT PACKING pc=0x0000000002dd9297 sp=0x000000001837b4a0
Event: 924.584 Thread 0x0000000017a8c800 DEOPT UNPACKING pc=0x00000000026a7890 sp=0x000000001837b208 mode 0


Dynamic libraries:
0x00007ff64a4f0000 - 0x00007ff64a527000 	C:\Program Files\Java\jre1.8.0_231\bin\javaw.exe
0x00007ff8e9690000 - 0x00007ff8e987d000 	C:\WINDOWS\SYSTEM32\ntdll.dll
0x00007ff8e7120000 - 0x00007ff8e71d3000 	C:\WINDOWS\System32\KERNEL32.DLL
0x00007ff8e6250000 - 0x00007ff8e64e5000 	C:\WINDOWS\System32\KERNELBASE.dll
0x00007ff8e7250000 - 0x00007ff8e72f3000 	C:\WINDOWS\System32\ADVAPI32.dll
0x00007ff8e8b00000 - 0x00007ff8e8b9e000 	C:\WINDOWS\System32\msvcrt.dll
0x00007ff8e7020000 - 0x00007ff8e70be000 	C:\WINDOWS\System32\sechost.dll
0x00007ff8e8f50000 - 0x00007ff8e9072000 	C:\WINDOWS\System32\RPCRT4.dll
0x00007ff8e6a10000 - 0x00007ff8e6ba7000 	C:\WINDOWS\System32\USER32.dll
0x00007ff8e6570000 - 0x00007ff8e6590000 	C:\WINDOWS\System32\win32u.dll
0x00007ff8e8800000 - 0x00007ff8e8829000 	C:\WINDOWS\System32\GDI32.dll
0x00007ff8e60b0000 - 0x00007ff8e624a000 	C:\WINDOWS\System32\gdi32full.dll
0x00007ff8e6740000 - 0x00007ff8e67e0000 	C:\WINDOWS\System32\msvcp_win.dll
0x00007ff8e6590000 - 0x00007ff8e668a000 	C:\WINDOWS\System32\ucrtbase.dll
0x00007ff8cfc60000 - 0x00007ff8cfed9000 	C:\WINDOWS\WinSxS\amd64_microsoft.windows.common-controls_6595b64144ccf1df_6.0.17763.1282_none_de75b6f253473c0f\COMCTL32.dll
0x00007ff8e8c20000 - 0x00007ff8e8f4c000 	C:\WINDOWS\System32\combase.dll
0x00007ff8e67e0000 - 0x00007ff8e685e000 	C:\WINDOWS\System32\bcryptPrimitives.dll
0x00007ff8e68b0000 - 0x00007ff8e68de000 	C:\WINDOWS\System32\IMM32.DLL
0x000000005c130000 - 0x000000005c202000 	C:\Program Files\Java\jre1.8.0_231\bin\msvcr100.dll
0x000000005c210000 - 0x000000005cab6000 	C:\Program Files\Java\jre1.8.0_231\bin\server\jvm.dll
0x00007ff8e7010000 - 0x00007ff8e7018000 	C:\WINDOWS\System32\PSAPI.DLL
0x00007ff8c6ba0000 - 0x00007ff8c6ba9000 	C:\WINDOWS\SYSTEM32\WSOCK32.dll
0x00007ff8e8830000 - 0x00007ff8e889d000 	C:\WINDOWS\System32\WS2_32.dll
0x00007ff8e23a0000 - 0x00007ff8e23c4000 	C:\WINDOWS\SYSTEM32\WINMM.dll
0x00007ff8d8920000 - 0x00007ff8d892a000 	C:\WINDOWS\SYSTEM32\VERSION.dll
0x00007ff8e1f10000 - 0x00007ff8e1f3d000 	C:\WINDOWS\SYSTEM32\WINMMBASE.dll
0x00007ff8e6860000 - 0x00007ff8e68aa000 	C:\WINDOWS\System32\cfgmgr32.dll
0x00007ff8dcb50000 - 0x00007ff8dcb5f000 	C:\Program Files\Java\jre1.8.0_231\bin\verify.dll
0x00007ff8ad330000 - 0x00007ff8ad359000 	C:\Program Files\Java\jre1.8.0_231\bin\java.dll
0x00007ff8b6500000 - 0x00007ff8b6516000 	C:\Program Files\Java\jre1.8.0_231\bin\zip.dll
0x00007ff8e7300000 - 0x00007ff8e87f8000 	C:\WINDOWS\System32\SHELL32.dll
0x00007ff8e6ed0000 - 0x00007ff8e6f78000 	C:\WINDOWS\System32\shcore.dll
0x00007ff8e5780000 - 0x00007ff8e5ecf000 	C:\WINDOWS\System32\windows.storage.dll
0x00007ff8e5700000 - 0x00007ff8e5724000 	C:\WINDOWS\System32\profapi.dll
0x00007ff8e56a0000 - 0x00007ff8e56fd000 	C:\WINDOWS\System32\powrprof.dll
0x00007ff8e70c0000 - 0x00007ff8e7112000 	C:\WINDOWS\System32\shlwapi.dll
0x00007ff8e5680000 - 0x00007ff8e5691000 	C:\WINDOWS\System32\kernel.appcore.dll
0x00007ff8e64f0000 - 0x00007ff8e6507000 	C:\WINDOWS\System32\cryptsp.dll
0x00007ff8accc0000 - 0x00007ff8ace5a000 	C:\Program Files\Java\jre1.8.0_231\bin\awt.dll
0x00007ff8e6c90000 - 0x00007ff8e6d54000 	C:\WINDOWS\System32\OLEAUT32.dll
0x00007ff8e34b0000 - 0x00007ff8e353c000 	C:\WINDOWS\SYSTEM32\apphelp.dll
0x00007ff8e3810000 - 0x00007ff8e383e000 	C:\WINDOWS\system32\DWMAPI.DLL
0x00007ff8e5ed0000 - 0x00007ff8e60ac000 	C:\WINDOWS\System32\CRYPT32.dll
0x00007ff8e5730000 - 0x00007ff8e5742000 	C:\WINDOWS\System32\MSASN1.dll
0x00007ff8e3740000 - 0x00007ff8e37dc000 	C:\WINDOWS\system32\uxtheme.dll
0x00007ff8d1ed0000 - 0x00007ff8d1ff7000 	C:\WINDOWS\system32\opengl32.dll
0x00007ff8dcd20000 - 0x00007ff8dcd4c000 	C:\WINDOWS\SYSTEM32\GLU32.dll
0x00007ff8e6d60000 - 0x00007ff8e6ecd000 	C:\WINDOWS\System32\MSCTF.dll
0x00007ff8e9080000 - 0x00007ff8e91d5000 	C:\WINDOWS\System32\ole32.dll
0x00007ff8d2a40000 - 0x00007ff8d2a89000 	C:\Program Files\Java\jre1.8.0_231\bin\fontmanager.dll
0x00007ff8b6020000 - 0x00007ff8b603a000 	C:\Program Files\Java\jre1.8.0_231\bin\net.dll
0x00007ff8e4e80000 - 0x00007ff8e4ee7000 	C:\WINDOWS\system32\mswsock.dll
0x00007ff8b57d0000 - 0x00007ff8b57e2000 	C:\Program Files\Java\jre1.8.0_231\bin\nio.dll
0x00007ff8d25b0000 - 0x00007ff8d25f2000 	C:\Program Files\Java\jre1.8.0_231\bin\t2k.dll
0x00007ff8d1ad0000 - 0x00007ff8d1b65000 	C:\WINDOWS\System32\TextInputFramework.dll
0x00007ff8e0a90000 - 0x00007ff8e0db2000 	C:\WINDOWS\System32\CoreUIComponents.dll
0x00007ff8e3250000 - 0x00007ff8e3332000 	C:\WINDOWS\System32\CoreMessaging.dll
0x00007ff8e1350000 - 0x00007ff8e14a3000 	C:\WINDOWS\SYSTEM32\wintypes.dll
0x00007ff8e46e0000 - 0x00007ff8e4711000 	C:\WINDOWS\SYSTEM32\ntmarta.dll
0x00007ff8d1c90000 - 0x00007ff8d1cfc000 	C:\WINDOWS\system32\Oleacc.dll
0x00007ff8e88a0000 - 0x00007ff8e8942000 	C:\WINDOWS\System32\clbcatq.dll
0x00007ff8e0770000 - 0x00007ff8e0928000 	C:\WINDOWS\SYSTEM32\WindowsCodecs.dll
0x00007ff8cf290000 - 0x00007ff8cf2e6000 	C:\WINDOWS\system32\dataexchange.dll
0x00007ff8e23d0000 - 0x00007ff8e264e000 	C:\WINDOWS\system32\d3d11.dll
0x00007ff8e2ce0000 - 0x00007ff8e2ea3000 	C:\WINDOWS\system32\dcomp.dll
0x00007ff8e4390000 - 0x00007ff8e4452000 	C:\WINDOWS\system32\dxgi.dll
0x00007ff8e3840000 - 0x00007ff8e3a54000 	C:\WINDOWS\system32\twinapi.appcore.dll
0x00007ff8e3a60000 - 0x00007ff8e3a88000 	C:\WINDOWS\system32\RMCLIENT.dll
0x00007ff8e4be0000 - 0x00007ff8e4ca7000 	C:\WINDOWS\SYSTEM32\DNSAPI.dll
0x00007ff8e71e0000 - 0x00007ff8e71e8000 	C:\WINDOWS\System32\NSI.dll
0x00007ff8e4ba0000 - 0x00007ff8e4bdd000 	C:\WINDOWS\SYSTEM32\IPHLPAPI.DLL
0x000000005d170000 - 0x000000005d196000 	C:\Program Files\Bonjour\mdnsNSP.dll
0x00007ff8d13a0000 - 0x00007ff8d13aa000 	C:\Windows\System32\rasadhlp.dll
0x00007ff8d59c0000 - 0x00007ff8d5a39000 	C:\WINDOWS\System32\fwpuclnt.dll
0x00007ff8e5750000 - 0x00007ff8e5776000 	C:\WINDOWS\System32\bcrypt.dll
0x00007ff8e4a00000 - 0x00007ff8e4a33000 	C:\WINDOWS\system32\rsaenh.dll
0x00007ff8e5570000 - 0x00007ff8e5598000 	C:\WINDOWS\SYSTEM32\USERENV.dll
0x00007ff8e5050000 - 0x00007ff8e505c000 	C:\WINDOWS\SYSTEM32\CRYPTBASE.dll
0x00007ff8d9ee0000 - 0x00007ff8d9ef6000 	C:\WINDOWS\SYSTEM32\dhcpcsvc6.DLL
0x00007ff8d9f60000 - 0x00007ff8d9f7c000 	C:\WINDOWS\SYSTEM32\dhcpcsvc.DLL
0x00007ff8b1570000 - 0x00007ff8b1594000 	C:\Program Files\Java\jre1.8.0_231\bin\sunec.dll
0x00007ff8e05a0000 - 0x00007ff8e05ab000 	C:\Program Files\Java\jre1.8.0_231\bin\sunmscapi.dll
0x00007ff896ce0000 - 0x00007ff896cf6000 	C:\WINDOWS\system32\napinsp.dll
0x00007ff896cc0000 - 0x00007ff896cda000 	C:\WINDOWS\system32\pnrpnsp.dll
0x00007ff8e1ab0000 - 0x00007ff8e1acb000 	C:\WINDOWS\system32\NLAapi.dll
0x00007ff8b63f0000 - 0x00007ff8b63fe000 	C:\WINDOWS\System32\winrnr.dll
0x00007ff8db050000 - 0x00007ff8db065000 	C:\WINDOWS\system32\wshbth.dll
0x00007ff8ce370000 - 0x00007ff8ce39a000 	C:\Program Files\Java\jre1.8.0_231\bin\dcpr.dll

VM Arguments:
jvm_args: -Dfile.encoding=UTF-8 
java_command: HopDong.FrmHopDong
java_class_path (initial): D:\IUH\java\BTLon\bin;D:\IUH\java\BTLon\sqljdbc4.jar
Launcher Type: SUN_STANDARD

Environment Variables:
PATH=C:/Program Files/Java/jre1.8.0_231/bin/server;C:/Program Files/Java/jre1.8.0_231/bin;C:/Program Files/Java/jre1.8.0_231/lib/amd64;C:\Program Files\Microsoft MPI\Bin\;C:\Program Files (x86)\Common Files\Oracle\Java\javapath;C:\WINDOWS\system32;C:\WINDOWS;C:\WINDOWS\System32\Wbem;C:\WINDOWS\System32\WindowsPowerShell\v1.0\;C:\WINDOWS\System32\OpenSSH\;C:\Program Files\Java\jre1.8.0_221\bin;C:\Program Files\dotnet\;C:\Program Files\Microsoft SQL Server\Client SDK\ODBC\130\Tools\Binn\;C:\Program Files (x86)\Microsoft SQL Server\140\Tools\Binn\;C:\Program Files\Microsoft SQL Server\140\Tools\Binn\;C:\Program Files\Microsoft SQL Server\140\DTS\Binn\;C:\Program Files\Microsoft SQL Server\Client SDK\ODBC\170\Tools\Binn\;C:\Program Files (x86)\Microsoft SQL Server\150\Tools\Binn\;C:\Program Files\Microsoft SQL Server\150\Tools\Binn\;C:\Program Files\Microsoft SQL Server\150\DTS\Binn\;C:\Program Files (x86)\Microsoft SQL Server\150\DTS\Binn\;C:\Users\Admin\AppData\Local\Programs\Python\Python38-32\Scripts\;C:\Users\Admin\AppData\Local\Programs\Python\Python38-32\;C:\Users\Admin\AppData\Local\Microsoft\WindowsApps;;C:\Users\Admin\Desktop;
USERNAME=Admin
OS=Windows_NT
PROCESSOR_IDENTIFIER=Intel64 Family 6 Model 78 Stepping 3, GenuineIntel



---------------  S Y S T E M  ---------------

OS: Windows 10.0 , 64 bit Build 17763 (10.0.17763.1158)

CPU:total 4 (initial active 4) (2 cores per cpu, 2 threads per core) family 6 model 78 stepping 3, cmov, cx8, fxsr, mmx, sse, sse2, sse3, ssse3, sse4.1, sse4.2, popcnt, avx, avx2, aes, clmul, erms, 3dnowpref, lzcnt, ht, tsc, tscinvbit, bmi1, bmi2, adx

Memory: 4k page, physical 4072448k(215072k free), swap 16655360k(5692k free)

vm_info: Java HotSpot(TM) 64-Bit Server VM (25.231-b11) for windows-amd64 JRE (1.8.0_231-b11), built on Oct  5 2019 03:11:30 by "java_re" with MS VC++ 10.0 (VS2010)

time: Fri Jun 26 10:38:54 2020
timezone: SE Asia Standard Time
elapsed time: 930 seconds (0d 0h 15m 30s)

